[02:41:14.634 Verbose] - BuildManager - C:\Projects\SEPUNI\CordEstates.Tests\UnitTests\StaffAreaTests\AddressControllerTests\CreateShould.cs(24,60): error CS1061: 'IAddressRepository' does not contain a definition for 'CreatePhoto' and no accessible extension method 'CreatePhoto' accepting a first argument of type 'IAddressRepository' could be found (are you missing a using directive or an assembly reference?)
[02:41:14.634 Verbose] - BuildManager - C:\Projects\SEPUNI\CordEstates.Tests\UnitTests\StaffAreaTests\PhotoControllerTests\CreateShould.cs(53,27): warning CS1998: This async method lacks 'await' operators and will run synchronously. Consider using the 'await' operator to await non-blocking API calls, or 'await Task.Run(...)' to do CPU-bound work on a background thread.
[02:41:14.634 Verbose] - BuildManager - C:\Projects\SEPUNI\CordEstates.Tests\UnitTests\StaffAreaTests\PhotoControllerTests\CreateShould.cs(83,58): error CS1061: 'IPhotoRepository' does not contain a definition for 'CreatePhoto' and no accessible extension method 'CreatePhoto' accepting a first argument of type 'IPhotoRepository' could be found (are you missing a using directive or an assembly reference?)
[02:41:14.634 Verbose] - BuildManager - C:\Projects\SEPUNI\CordEstates.Tests\UnitTests\StaffAreaTests\PhotoControllerTests\CreateShould.cs(88,59): error CS1061: 'IPhotoRepository' does not contain a definition for 'CreatePhoto' and no accessible extension method 'CreatePhoto' accepting a first argument of type 'IPhotoRepository' could be found (are you missing a using directive or an assembly reference?)
[02:41:14.634 Verbose] - BuildManager - C:\Projects\SEPUNI\CordEstates.Tests\UnitTests\StaffAreaTests\AppointmentControllerTests\DetailsShould.cs(18,33): warning CS0649: Field 'DetailsShould.claimsPrincipal' is never assigned to, and will always have its default value null
[02:41:14.634 Verbose] - BuildManager - C:\Projects\SEPUNI\CordEstates.Tests\UnitTests\StaffAreaTests\AppointmentControllerTests\EditShould.cs(19,33): warning CS0649: Field 'EditShould.claimsPrincipal' is never assigned to, and will always have its default value null
[02:41:14.634 Verbose] - BuildManager - C:\Projects\SEPUNI\CordEstates.Tests\UnitTests\StaffAreaTests\AgentDashboardControllerTests\IndexShould.cs(18,33): warning CS0649: Field 'IndexShould.claimsPrincipal' is never assigned to, and will always have its default value null
[02:41:14.634 Verbose] - BuildManager - C:\Projects\SEPUNI\CordEstates.Tests\UnitTests\StaffAreaTests\AppointmentControllerTests\CreateShould.cs(17,33): warning CS0649: Field 'CreateShould.claimsPrincipal' is never assigned to, and will always have its default value null
[02:41:14.634 Verbose] - BuildManager - C:\Projects\SEPUNI\CordEstates.Tests\UnitTests\StaffAreaTests\AppointmentControllerTests\DeleteShould.cs(17,33): warning CS0649: Field 'DeleteShould.claimsPrincipal' is never assigned to, and will always have its default value null
[02:41:14.634 Verbose] - BuildManager - C:\Program Files (x86)\Microsoft Visual Studio\2019\Preview\MSBuild\Current\Bin\Roslyn\Microsoft.CSharp.Core.targets(59,5): error MSB4132: The "Csc" task returned false but did not log an error.
[02:41:14.653 Verbose] - BuildManager - Some of the file paths defined in the csproj under the Live Unit Testing build path are missing. Verify whether these files should be present under the Live Unit Testing build path and if necessary update the csproj definition to look these files up in a different place.
[02:41:14.653 Verbose] - BuildManager - Item _OutputPathItem 'C:\Projects\SEPUNI\.vs\CordEstates\v16\lut\0\b\CordEstates.Tests\Debug\netcoreapp3.1\' evaluated via:
_OutputPathItem: '$(OutDir)' @ C:\Program Files (x86)\Microsoft Visual Studio\2019\Preview\MSBuild\Current\Bin\Microsoft.Common.CurrentVersion.targets:272
  OutDir: '$(OutputPath)' @ C:\Program Files (x86)\Microsoft Visual Studio\2019\Preview\MSBuild\Current\Bin\Microsoft.Common.CurrentVersion.targets:193
    OutputPath: '$(OutputPath)$(TargetFramework.ToLowerInvariant())\' @ C:\Program Files\dotnet\sdk\5.0.100-preview.1.20155.7\Sdks\Microsoft.NET.Sdk\targets\Microsoft.NET.TargetFrameworkInference.targets:188
      OutputPath: '$(BaseOutputPath)$(Configuration)\' @ C:\Program Files\dotnet\sdk\5.0.100-preview.1.20155.7\Sdks\Microsoft.NET.Sdk\targets\Microsoft.NET.DefaultOutputPaths.targets:33
        BaseOutputPath: 'C:\Projects\SEPUNI\.vs\CordEstates\v16\lut\0\b\CordEstates.Tests\' @ C:\Projects\SEPUNI\CordEstates.Tests\CordEstates.Tests.csproj:0
        Configuration: 'Debug'
[02:41:14.654 Verbose] - BuildManager - Item AppConfigFileDestination 'C:\Projects\SEPUNI\.vs\CordEstates\v16\lut\0\b\CordEstates.Tests\Debug\netcoreapp3.1\CordEstates.Tests.dll.config' evaluated via:
AppConfigFileDestination: '$(OutDir)$(TargetFileName).config' @ C:\Program Files (x86)\Microsoft Visual Studio\2019\Preview\MSBuild\Current\Bin\Microsoft.Common.CurrentVersion.targets:303
  OutDir: '$(OutputPath)' @ C:\Program Files (x86)\Microsoft Visual Studio\2019\Preview\MSBuild\Current\Bin\Microsoft.Common.CurrentVersion.targets:193
    OutputPath: '$(OutputPath)$(TargetFramework.ToLowerInvariant())\' @ C:\Program Files\dotnet\sdk\5.0.100-preview.1.20155.7\Sdks\Microsoft.NET.Sdk\targets\Microsoft.NET.TargetFrameworkInference.targets:188
      OutputPath: '$(BaseOutputPath)$(Configuration)\' @ C:\Program Files\dotnet\sdk\5.0.100-preview.1.20155.7\Sdks\Microsoft.NET.Sdk\targets\Microsoft.NET.DefaultOutputPaths.targets:33
        BaseOutputPath: 'C:\Projects\SEPUNI\.vs\CordEstates\v16\lut\0\b\CordEstates.Tests\' @ C:\Projects\SEPUNI\CordEstates.Tests\CordEstates.Tests.csproj:0
        Configuration: 'Debug'
  TargetFileName: '$(TargetName)$(TargetExt)' @ C:\Program Files (x86)\Microsoft Visual Studio\2019\Preview\MSBuild\Current\Bin\Microsoft.Common.CurrentVersion.targets:212
    TargetName: '$(AssemblyName)' @ C:\Program Files (x86)\Microsoft Visual Studio\2019\Preview\MSBuild\Current\Bin\Microsoft.Common.CurrentVersion.targets:204
      AssemblyName: '$(MSBuildProjectName)' @ C:\Program Files\dotnet\sdk\5.0.100-preview.1.20155.7\Sdks\Microsoft.NET.Sdk\targets\Microsoft.NET.Sdk.props:32
        MSBuildProjectName: 'CordEstates.Tests'
    TargetExt: '.dll' @ C:\Program Files\dotnet\sdk\5.0.100-preview.1.20155.7\Sdks\Microsoft.NET.Sdk\targets\Microsoft.NET.Sdk.BeforeCommon.targets:82
[02:41:14.654 Verbose] - BuildManager - Item _DebugSymbolsOutputPath 'C:\Projects\SEPUNI\.vs\CordEstates\v16\lut\0\b\CordEstates.Tests\Debug\netcoreapp3.1\CordEstates.Tests.pdb' evaluated via:
_DebugSymbolsOutputPath: '@(_DebugSymbolsIntermediatePath->'$(OutDir)%(Filename)%(Extension)')' @ C:\Program Files (x86)\Microsoft Visual Studio\2019\Preview\MSBuild\Current\Bin\Microsoft.Common.CurrentVersion.targets:372
  OutDir: '$(OutputPath)' @ C:\Program Files (x86)\Microsoft Visual Studio\2019\Preview\MSBuild\Current\Bin\Microsoft.Common.CurrentVersion.targets:193
    OutputPath: '$(OutputPath)$(TargetFramework.ToLowerInvariant())\' @ C:\Program Files\dotnet\sdk\5.0.100-preview.1.20155.7\Sdks\Microsoft.NET.Sdk\targets\Microsoft.NET.TargetFrameworkInference.targets:188
      OutputPath: '$(BaseOutputPath)$(Configuration)\' @ C:\Program Files\dotnet\sdk\5.0.100-preview.1.20155.7\Sdks\Microsoft.NET.Sdk\targets\Microsoft.NET.DefaultOutputPaths.targets:33
        BaseOutputPath: 'C:\Projects\SEPUNI\.vs\CordEstates\v16\lut\0\b\CordEstates.Tests\' @ C:\Projects\SEPUNI\CordEstates.Tests\CordEstates.Tests.csproj:0
        Configuration: 'Debug'
[02:41:14.654 Verbose] - BuildManager - Item _ApplicationManifestFinal 'C:\Projects\SEPUNI\.vs\CordEstates\v16\lut\0\b\CordEstates.Tests\Debug\netcoreapp3.1\Native.CordEstates.Tests.manifest' evaluated via:
_ApplicationManifestFinal: '$(OutDir)$(_DeploymentTargetApplicationManifestFileName)' @ C:\Program Files (x86)\Microsoft Visual Studio\2019\Preview\MSBuild\Current\Bin\Microsoft.Common.CurrentVersion.targets:410
  OutDir: '$(OutputPath)' @ C:\Program Files (x86)\Microsoft Visual Studio\2019\Preview\MSBuild\Current\Bin\Microsoft.Common.CurrentVersion.targets:193
    OutputPath: '$(OutputPath)$(TargetFramework.ToLowerInvariant())\' @ C:\Program Files\dotnet\sdk\5.0.100-preview.1.20155.7\Sdks\Microsoft.NET.Sdk\targets\Microsoft.NET.TargetFrameworkInference.targets:188
      OutputPath: '$(BaseOutputPath)$(Configuration)\' @ C:\Program Files\dotnet\sdk\5.0.100-preview.1.20155.7\Sdks\Microsoft.NET.Sdk\targets\Microsoft.NET.DefaultOutputPaths.targets:33
        BaseOutputPath: 'C:\Projects\SEPUNI\.vs\CordEstates\v16\lut\0\b\CordEstates.Tests\' @ C:\Projects\SEPUNI\CordEstates.Tests\CordEstates.Tests.csproj:0
        Configuration: 'Debug'
  _DeploymentTargetApplicationManifestFileName: 'Native.$(AssemblyName).manifest' @ C:\Program Files (x86)\Microsoft Visual Studio\2019\Preview\MSBuild\Current\Bin\Microsoft.Common.CurrentVersion.targets:228
    AssemblyName: '$(MSBuildProjectName)' @ C:\Program Files\dotnet\sdk\5.0.100-preview.1.20155.7\Sdks\Microsoft.NET.Sdk\targets\Microsoft.NET.Sdk.props:32
      MSBuildProjectName: 'CordEstates.Tests'
